  [1m[35m (0.0ms)[0m  [1m[34mSELECT sqlite_version(*)[0m
  [1m[35m (5.4ms)[0m  [1m[35mCREATE TABLE "schema_migrations" ("version" varchar NOT NULL PRIMARY KEY)[0m
  [1m[35m (4.0ms)[0m  [1m[35mCREATE TABLE "ar_internal_metadata" ("key" varchar NOT NULL PRIMARY KEY, "value" varchar, "created_at" datetime NOT NULL, "updated_at" datetime NOT NULL)[0m
  [1m[35m (0.1ms)[0m  [1m[34mSELECT "schema_migrations"."version" FROM "schema_migrations" ORDER BY "schema_migrations"."version" ASC[0m
Migrating to CreateBooks (20180806150147)
  [1m[35m (0.0ms)[0m  [1m[36mbegin transaction[0m
  [1m[35m (0.0ms)[0m  [1m[31mrollback transaction[0m
  [1m[35m (0.1ms)[0m  [1m[34mSELECT "schema_migrations"."version" FROM "schema_migrations" ORDER BY "schema_migrations"."version" ASC[0m
Migrating to CreateBooks (20180806150147)
  [1m[35m (0.0ms)[0m  [1m[36mbegin transaction[0m
  [1m[35m (0.0ms)[0m  [1m[34mSELECT sqlite_version(*)[0m
  [1m[35m (0.6ms)[0m  [1m[35mCREATE TABLE "books" ("id" INTEGER PRIMARY KEY AUTOINCREMENT NOT NULL, "name" varchar, "category" varchar, "price" decimal, "isbn" integer, "created_at" datetime NOT NULL, "updated_at" datetime NOT NULL)[0m
  [1m[35mSQL (0.1ms)[0m  [1m[32mINSERT INTO "schema_migrations" ("version") VALUES (?)[0m  [["version", "20180806150147"]]
  [1m[35m (8.4ms)[0m  [1m[36mcommit transaction[0m
  [1m[36mActiveRecord::InternalMetadata Load (0.1ms)[0m  [1m[34mSELECT  "ar_internal_metadata".* FROM "ar_internal_metadata" WHERE "ar_internal_metadata"."key" = ? LIMIT ?[0m  [["key", "environment"], ["LIMIT", 1]]
  [1m[35m (0.0ms)[0m  [1m[36mbegin transaction[0m
  [1m[35mSQL (0.2ms)[0m  [1m[32mINSERT INTO "ar_internal_metadata" ("key", "value", "created_at", "updated_at") VALUES (?, ?, ?, ?)[0m  [["key", "environment"], ["value", "development"], ["created_at", "2018-08-06 15:03:56.656258"], ["updated_at", "2018-08-06 15:03:56.656258"]]
  [1m[35m (5.9ms)[0m  [1m[36mcommit transaction[0m
  [1m[35m (0.1ms)[0m  [1m[34mSELECT "schema_migrations"."version" FROM "schema_migrations" ORDER BY "schema_migrations"."version" ASC[0m
Started GET "/" for 127.0.0.1 at 2018-08-06 16:05:49 +0100
  [1m[35m (0.1ms)[0m  [1m[34mSELECT "schema_migrations"."version" FROM "schema_migrations" ORDER BY "schema_migrations"."version" ASC[0m
  
ActionController::RoutingError (uninitialized constant BookController):
  
activesupport (5.1.6) lib/active_support/inflector/methods.rb:269:in `const_get'
activesupport (5.1.6) lib/active_support/inflector/methods.rb:269:in `block in constantize'
activesupport (5.1.6) lib/active_support/inflector/methods.rb:267:in `each'
activesupport (5.1.6) lib/active_support/inflector/methods.rb:267:in `inject'
activesupport (5.1.6) lib/active_support/inflector/methods.rb:267:in `constantize'
actionpack (5.1.6) lib/action_dispatch/http/request.rb:85:in `controller_class_for'
actionpack (5.1.6) lib/action_dispatch/http/request.rb:78:in `controller_class'
actionpack (5.1.6) lib/action_dispatch/routing/route_set.rb:43:in `controller'
actionpack (5.1.6) lib/action_dispatch/routing/route_set.rb:29:in `serve'
actionpack (5.1.6) lib/action_dispatch/journey/router.rb:50:in `block in serve'
actionpack (5.1.6) lib/action_dispatch/journey/router.rb:33:in `each'
actionpack (5.1.6) lib/action_dispatch/journey/router.rb:33:in `serve'
actionpack (5.1.6) lib/action_dispatch/routing/route_set.rb:844:in `call'
rack (2.0.5) lib/rack/etag.rb:25:in `call'
rack (2.0.5) lib/rack/conditional_get.rb:25:in `call'
rack (2.0.5) lib/rack/head.rb:12:in `call'
rack (2.0.5) lib/rack/session/abstract/id.rb:232:in `context'
rack (2.0.5) lib/rack/session/abstract/id.rb:226:in `call'
actionpack (5.1.6) lib/action_dispatch/middleware/cookies.rb:613:in `call'
activerecord (5.1.6) lib/active_record/migration.rb:556:in `call'
actionpack (5.1.6) lib/action_dispatch/middleware/callbacks.rb:26:in `block in call'
activesupport (5.1.6) lib/active_support/callbacks.rb:97:in `run_callbacks'
actionpack (5.1.6) lib/action_dispatch/middleware/callbacks.rb:24:in `call'
actionpack (5.1.6) lib/action_dispatch/middleware/executor.rb:12:in `call'
actionpack (5.1.6) lib/action_dispatch/middleware/debug_exceptions.rb:59:in `call'
web-console (3.6.2) lib/web_console/middleware.rb:135:in `call_app'
web-console (3.6.2) lib/web_console/middleware.rb:30:in `block in call'
web-console (3.6.2) lib/web_console/middleware.rb:20:in `catch'
web-console (3.6.2) lib/web_console/middleware.rb:20:in `call'
actionpack (5.1.6) lib/action_dispatch/middleware/show_exceptions.rb:31:in `call'
railties (5.1.6) lib/rails/rack/logger.rb:36:in `call_app'
railties (5.1.6) lib/rails/rack/logger.rb:24:in `block in call'
activesupport (5.1.6) lib/active_support/tagged_logging.rb:69:in `block in tagged'
activesupport (5.1.6) lib/active_support/tagged_logging.rb:26:in `tagged'
activesupport (5.1.6) lib/active_support/tagged_logging.rb:69:in `tagged'
railties (5.1.6) lib/rails/rack/logger.rb:24:in `call'
sprockets-rails (3.2.1) lib/sprockets/rails/quiet_assets.rb:13:in `call'
actionpack (5.1.6) lib/action_dispatch/middleware/remote_ip.rb:79:in `call'
actionpack (5.1.6) lib/action_dispatch/middleware/request_id.rb:25:in `call'
rack (2.0.5) lib/rack/method_override.rb:22:in `call'
rack (2.0.5) lib/rack/runtime.rb:22:in `call'
activesupport (5.1.6) lib/active_support/cache/strategy/local_cache_middleware.rb:27:in `call'
actionpack (5.1.6) lib/action_dispatch/middleware/executor.rb:12:in `call'
actionpack (5.1.6) lib/action_dispatch/middleware/static.rb:125:in `call'
rack (2.0.5) lib/rack/sendfile.rb:111:in `call'
railties (5.1.6) lib/rails/engine.rb:522:in `call'
puma (3.12.0) lib/puma/configuration.rb:225:in `call'
puma (3.12.0) lib/puma/server.rb:658:in `handle_request'
puma (3.12.0) lib/puma/server.rb:472:in `process_client'
puma (3.12.0) lib/puma/server.rb:332:in `block in run'
puma (3.12.0) lib/puma/thread_pool.rb:133:in `call'
puma (3.12.0) lib/puma/thread_pool.rb:133:in `block in spawn_thread'
Started GET "/" for 127.0.0.1 at 2018-08-06 16:07:41 +0100
Processing by BooksController#index as HTML
Started GET "/" for 127.0.0.1 at 2018-08-06 16:07:51 +0100
  Rendering books/index.html.erb within layouts/application
  [1m[36mBook Load (0.1ms)[0m  [1m[34mSELECT "books".* FROM "books"[0m
  Rendered books/index.html.erb within layouts/application (3.3ms)
Completed 200 OK in 282ms (Views: 277.3ms | ActiveRecord: 0.8ms)


Processing by BooksController#index as HTML
  Rendering books/index.html.erb within layouts/application
  [1m[36mBook Load (0.1ms)[0m  [1m[34mSELECT "books".* FROM "books"[0m
  Rendered books/index.html.erb within layouts/application (1.4ms)
Completed 200 OK in 9ms (Views: 8.0ms | ActiveRecord: 0.4ms)


Started GET "/books/new" for 127.0.0.1 at 2018-08-06 16:07:53 +0100
Processing by BooksController#new as HTML
  Rendering books/new.html.erb within layouts/application
  Rendered books/_form.html.erb (5.4ms)
  Rendered books/new.html.erb within layouts/application (6.1ms)
Completed 200 OK in 19ms (Views: 13.7ms | ActiveRecord: 0.3ms)


Started POST "/books" for 127.0.0.1 at 2018-08-06 16:08:04 +0100
Processing by BooksController#create as HTML
  Parameters: {"utf8"=>"✓", "authenticity_token"=>"kKP9DUxP/d+OIu/zukT6U3Kv4cqS6u5NPCu1qqgOoZ0CrtQxCsznPHPB/4j5jiozIjOTHnMprgKeGOtnNnVoJw==", "book"=>{"name"=>"wwd", "category"=>"dwad", "price"=>"wadw", "isbn"=>"4567890"}, "commit"=>"Create Book"}
  [1m[35m (0.1ms)[0m  [1m[36mbegin transaction[0m
  [1m[35mSQL (0.2ms)[0m  [1m[32mINSERT INTO "books" ("name", "category", "price", "isbn", "created_at", "updated_at") VALUES (?, ?, ?, ?, ?, ?)[0m  [["name", "wwd"], ["category", "dwad"], ["price", 0.0], ["isbn", 4567890], ["created_at", "2018-08-06 15:08:04.304506"], ["updated_at", "2018-08-06 15:08:04.304506"]]
  [1m[35m (3.5ms)[0m  [1m[36mcommit transaction[0m
Redirected to http://localhost:3000/books/1
Completed 302 Found in 8ms (ActiveRecord: 3.8ms)


Started GET "/books/1" for 127.0.0.1 at 2018-08-06 16:08:04 +0100
Processing by BooksController#show as HTML
  Parameters: {"id"=>"1"}
  [1m[36mBook Load (0.2ms)[0m  [1m[34mSELECT  "books".* FROM "books" WHERE "books"."id" = ? LIMIT ?[0m  [["id", 1], ["LIMIT", 1]]
  Rendering books/show.html.erb within layouts/application
  Rendered books/show.html.erb within layouts/application (1.1ms)
Completed 200 OK in 23ms (Views: 17.3ms | ActiveRecord: 0.2ms)


Started GET "/books" for 127.0.0.1 at 2018-08-06 16:08:41 +0100
Processing by BooksController#index as HTML
  Rendering books/index.html.erb within layouts/application
  [1m[36mBook Load (0.2ms)[0m  [1m[34mSELECT "books".* FROM "books"[0m
  Rendered books/index.html.erb within layouts/application (1.7ms)
Completed 200 OK in 25ms (Views: 23.7ms | ActiveRecord: 0.2ms)


Started GET "/books/new" for 127.0.0.1 at 2018-08-06 16:08:42 +0100
Processing by BooksController#new as HTML
  Rendering books/new.html.erb within layouts/application
  Rendered books/_form.html.erb (1.8ms)
  Rendered books/new.html.erb within layouts/application (2.4ms)
Completed 200 OK in 11ms (Views: 9.9ms | ActiveRecord: 0.0ms)


Started POST "/books" for 127.0.0.1 at 2018-08-06 16:08:50 +0100
Processing by BooksController#create as HTML
  Parameters: {"utf8"=>"✓", "authenticity_token"=>"STHc1qB5bE+48PoK+WWl1ZTJ0MuyZ7OxgGQtg0CJXdrbPPXq5vp2rEUT6nG6r3W1xFWiH1Ok8/4iV3NO3vKUYA==", "book"=>{"name"=>"jquery", "category"=>"efee", "price"=>"ef", "isbn"=>"12345678"}, "commit"=>"Create Book"}
  [1m[35m (0.1ms)[0m  [1m[36mbegin transaction[0m
  [1m[35mSQL (0.1ms)[0m  [1m[32mINSERT INTO "books" ("name", "category", "price", "isbn", "created_at", "updated_at") VALUES (?, ?, ?, ?, ?, ?)[0m  [["name", "jquery"], ["category", "efee"], ["price", 0.0], ["isbn", 12345678], ["created_at", "2018-08-06 15:08:50.654932"], ["updated_at", "2018-08-06 15:08:50.654932"]]
  [1m[35m (3.2ms)[0m  [1m[36mcommit transaction[0m
Redirected to http://localhost:3000/books/2
Completed 302 Found in 6ms (ActiveRecord: 3.4ms)


Started GET "/books/2" for 127.0.0.1 at 2018-08-06 16:08:50 +0100
Processing by BooksController#show as HTML
  Parameters: {"id"=>"2"}
  [1m[36mBook Load (0.1ms)[0m  [1m[34mSELECT  "books".* FROM "books" WHERE "books"."id" = ? LIMIT ?[0m  [["id", 2], ["LIMIT", 1]]
  Rendering books/show.html.erb within layouts/application
  Rendered books/show.html.erb within layouts/application (0.6ms)
Completed 200 OK in 10ms (Views: 8.6ms | ActiveRecord: 0.1ms)


Started GET "/books" for 127.0.0.1 at 2018-08-06 16:08:52 +0100
Processing by BooksController#index as HTML
  Rendering books/index.html.erb within layouts/application
  [1m[36mBook Load (0.1ms)[0m  [1m[34mSELECT "books".* FROM "books"[0m
  Rendered books/index.html.erb within layouts/application (1.4ms)
Completed 200 OK in 11ms (Views: 10.5ms | ActiveRecord: 0.1ms)


Started GET "/books/new" for 127.0.0.1 at 2018-08-06 16:08:53 +0100
Processing by BooksController#new as HTML
  Rendering books/new.html.erb within layouts/application
  Rendered books/_form.html.erb (2.5ms)
  Rendered books/new.html.erb within layouts/application (3.3ms)
Completed 200 OK in 18ms (Views: 16.6ms | ActiveRecord: 0.0ms)


Started POST "/books" for 127.0.0.1 at 2018-08-06 16:08:58 +0100
Processing by BooksController#create as HTML
  Parameters: {"utf8"=>"✓", "authenticity_token"=>"9Sf0nLEijcMgi2whz/zS12m3KgAHYiJBIeY+OtklCIZnKt2g96GXIN1ofFqMNgK3OStY1OahYg6D1WD3R17BPA==", "book"=>{"name"=>"rails", "category"=>"efe", "price"=>"efef", "isbn"=>"12345678"}, "commit"=>"Create Book"}
  [1m[35m (0.1ms)[0m  [1m[36mbegin transaction[0m
  [1m[35mSQL (0.2ms)[0m  [1m[32mINSERT INTO "books" ("name", "category", "price", "isbn", "created_at", "updated_at") VALUES (?, ?, ?, ?, ?, ?)[0m  [["name", "rails"], ["category", "efe"], ["price", 0.0], ["isbn", 12345678], ["created_at", "2018-08-06 15:08:58.766816"], ["updated_at", "2018-08-06 15:08:58.766816"]]
  [1m[35m (3.4ms)[0m  [1m[36mcommit transaction[0m
Redirected to http://localhost:3000/books/3
Completed 302 Found in 7ms (ActiveRecord: 3.6ms)


Started GET "/books/3" for 127.0.0.1 at 2018-08-06 16:08:58 +0100
Processing by BooksController#show as HTML
  Parameters: {"id"=>"3"}
  [1m[36mBook Load (0.1ms)[0m  [1m[34mSELECT  "books".* FROM "books" WHERE "books"."id" = ? LIMIT ?[0m  [["id", 3], ["LIMIT", 1]]
  Rendering books/show.html.erb within layouts/application
  Rendered books/show.html.erb within layouts/application (0.8ms)
Completed 200 OK in 22ms (Views: 20.8ms | ActiveRecord: 0.1ms)


Started GET "/books" for 127.0.0.1 at 2018-08-06 16:09:01 +0100
Processing by BooksController#index as HTML
  Rendering books/index.html.erb within layouts/application
  [1m[36mBook Load (0.1ms)[0m  [1m[34mSELECT "books".* FROM "books"[0m
  Rendered books/index.html.erb within layouts/application (2.2ms)
Completed 200 OK in 15ms (Views: 14.0ms | ActiveRecord: 0.1ms)


Started GET "/books" for 127.0.0.1 at 2018-08-06 16:12:58 +0100
Processing by BooksController#index as HTML
  Rendering books/index.html.erb within layouts/application
  [1m[36mBook Load (0.1ms)[0m  [1m[34mSELECT "books".* FROM "books"[0m
  Rendered books/index.html.erb within layouts/application (1.8ms)
Completed 200 OK in 12ms (Views: 10.8ms | ActiveRecord: 0.1ms)


Started GET "/books?utf8=%E2%9C%93&search=hello&commit=Search" for 127.0.0.1 at 2018-08-06 16:13:01 +0100
Processing by BooksController#index as HTML
  Parameters: {"utf8"=>"✓", "search"=>"hello", "commit"=>"Search"}
  Rendering books/index.html.erb within layouts/application
  [1m[36mBook Load (0.1ms)[0m  [1m[34mSELECT "books".* FROM "books"[0m
  Rendered books/index.html.erb within layouts/application (1.9ms)
Completed 200 OK in 14ms (Views: 13.2ms | ActiveRecord: 0.1ms)


Started GET "/books?utf8=%E2%9C%93&search=hello&commit=Search" for 127.0.0.1 at 2018-08-06 16:27:32 +0100
Processing by BooksController#index as HTML
  Parameters: {"utf8"=>"✓", "search"=>"hello", "commit"=>"Search"}
  Rendering books/index.html.erb within layouts/application
  [1m[36mBook Load (0.1ms)[0m  [1m[34mSELECT "books".* FROM "books" WHERE (name LIKE '%hello%')[0m
  Rendered books/index.html.erb within layouts/application (1.4ms)
Completed 200 OK in 14ms (Views: 8.4ms | ActiveRecord: 0.4ms)


Started GET "/books/new" for 127.0.0.1 at 2018-08-06 16:27:35 +0100
Processing by BooksController#new as HTML
  Rendering books/new.html.erb within layouts/application
  Rendered books/_form.html.erb (2.0ms)
  Rendered books/new.html.erb within layouts/application (2.7ms)
Completed 200 OK in 16ms (Views: 10.8ms | ActiveRecord: 0.3ms)


Started POST "/books" for 127.0.0.1 at 2018-08-06 16:27:47 +0100
Processing by BooksController#create as HTML
  Parameters: {"utf8"=>"✓", "authenticity_token"=>"fOaj6X7nbRg2oVK/sEM/FSNChaweARlWuASUYqFgIVHu64rVOGR3+8tCQsTzie91c973eP/CWRkaN8qvPxvo6w==", "book"=>{"name"=>"jquery", "category"=>"wwd", "price"=>"wdwd", "isbn"=>"4567890"}, "commit"=>"Create Book"}
  [1m[35m (0.1ms)[0m  [1m[36mbegin transaction[0m
  [1m[35mSQL (0.2ms)[0m  [1m[32mINSERT INTO "books" ("name", "category", "price", "isbn", "created_at", "updated_at") VALUES (?, ?, ?, ?, ?, ?)[0m  [["name", "jquery"], ["category", "wwd"], ["price", 0.0], ["isbn", 4567890], ["created_at", "2018-08-06 15:27:47.082169"], ["updated_at", "2018-08-06 15:27:47.082169"]]
  [1m[35m (3.3ms)[0m  [1m[36mcommit transaction[0m
Redirected to http://localhost:3000/books/4
Completed 302 Found in 6ms (ActiveRecord: 3.5ms)


Started GET "/books/4" for 127.0.0.1 at 2018-08-06 16:27:47 +0100
Processing by BooksController#show as HTML
  Parameters: {"id"=>"4"}
  [1m[36mBook Load (0.2ms)[0m  [1m[34mSELECT  "books".* FROM "books" WHERE "books"."id" = ? LIMIT ?[0m  [["id", 4], ["LIMIT", 1]]
  Rendering books/show.html.erb within layouts/application
  Rendered books/show.html.erb within layouts/application (0.5ms)
Completed 200 OK in 9ms (Views: 7.3ms | ActiveRecord: 0.2ms)


Started GET "/books" for 127.0.0.1 at 2018-08-06 16:27:48 +0100
Processing by BooksController#index as HTML
  Rendering books/index.html.erb within layouts/application
  [1m[36mBook Load (0.2ms)[0m  [1m[34mSELECT "books".* FROM "books" WHERE (name LIKE '%%')[0m
  Rendered books/index.html.erb within layouts/application (2.4ms)
Completed 200 OK in 15ms (Views: 13.5ms | ActiveRecord: 0.2ms)


Started GET "/books?utf8=%E2%9C%93&search=jquery&commit=Search" for 127.0.0.1 at 2018-08-06 16:27:54 +0100
Processing by BooksController#index as HTML
  Parameters: {"utf8"=>"✓", "search"=>"jquery", "commit"=>"Search"}
  Rendering books/index.html.erb within layouts/application
  [1m[36mBook Load (0.1ms)[0m  [1m[34mSELECT "books".* FROM "books" WHERE (name LIKE '%jquery%')[0m
  Rendered books/index.html.erb within layouts/application (1.7ms)
Completed 200 OK in 10ms (Views: 9.2ms | ActiveRecord: 0.1ms)


Started GET "/books?utf8=%E2%9C%93&search=&commit=Search" for 127.0.0.1 at 2018-08-06 16:32:00 +0100
Processing by BooksController#index as HTML
  Parameters: {"utf8"=>"✓", "search"=>"", "commit"=>"Search"}
  Rendering books/index.html.erb within layouts/application
  [1m[36mBook Load (0.2ms)[0m  [1m[34mSELECT "books".* FROM "books" WHERE (name LIKE '%%')[0m
  Rendered books/index.html.erb within layouts/application (7.0ms)
Completed 200 OK in 17ms (Views: 14.3ms | ActiveRecord: 0.7ms)


Started GET "/books?utf8=%E2%9C%93&search=hello&commit=Search" for 127.0.0.1 at 2018-08-06 16:32:03 +0100
Processing by BooksController#index as HTML
  Parameters: {"utf8"=>"✓", "search"=>"hello", "commit"=>"Search"}
  Rendering books/index.html.erb within layouts/application
  [1m[36mBook Load (0.1ms)[0m  [1m[34mSELECT "books".* FROM "books" WHERE (name LIKE '%hello%')[0m
  Rendered books/index.html.erb within layouts/application (1.3ms)
Completed 200 OK in 12ms (Views: 11.1ms | ActiveRecord: 0.1ms)


Started GET "/books?utf8=%E2%9C%93&search=java&commit=Search" for 127.0.0.1 at 2018-08-06 16:32:06 +0100
Processing by BooksController#index as HTML
  Parameters: {"utf8"=>"✓", "search"=>"java", "commit"=>"Search"}
  Rendering books/index.html.erb within layouts/application
  [1m[36mBook Load (0.2ms)[0m  [1m[34mSELECT "books".* FROM "books" WHERE (name LIKE '%java%')[0m
  Rendered books/index.html.erb within layouts/application (1.7ms)
Completed 200 OK in 17ms (Views: 15.6ms | ActiveRecord: 0.2ms)


Started GET "/books?utf8=%E2%9C%93&search=java&commit=Search" for 127.0.0.1 at 2018-08-06 16:32:07 +0100
Processing by BooksController#index as HTML
  Parameters: {"utf8"=>"✓", "search"=>"java", "commit"=>"Search"}
  Rendering books/index.html.erb within layouts/application
  [1m[36mBook Load (0.2ms)[0m  [1m[34mSELECT "books".* FROM "books" WHERE (name LIKE '%java%')[0m
  Rendered books/index.html.erb within layouts/application (1.5ms)
Completed 200 OK in 21ms (Views: 19.6ms | ActiveRecord: 0.2ms)


Started GET "/books?utf8=%E2%9C%93&search=jquery&commit=Search" for 127.0.0.1 at 2018-08-06 16:32:14 +0100
Processing by BooksController#index as HTML
  Parameters: {"utf8"=>"✓", "search"=>"jquery", "commit"=>"Search"}
  Rendering books/index.html.erb within layouts/application
  [1m[36mBook Load (0.1ms)[0m  [1m[34mSELECT "books".* FROM "books" WHERE (name LIKE '%jquery%')[0m
  Rendered books/index.html.erb within layouts/application (1.5ms)
Completed 200 OK in 10ms (Views: 9.1ms | ActiveRecord: 0.1ms)


